<?xml version="1.0" encoding="UTF-8"?>
<!-- Generated by org.testng.reporters.JUnitXMLReporter -->
<testsuite ignored="2" hostname="LAPTOP-D3D6H7R8" failures="0" tests="1" name="Default test" time="28.786" errors="0" timestamp="2021-08-27T18:12:41 IST">
  <testcase classname="com.vtiger.comcast.organizationTest.CreateOrganizationTest" name="createOrgWithRatingTest" time="17.435"/>
  <testcase classname="com.vtiger.comcast.organizationTest.CreateOrganizationTest" name="createOrgMarketingTest" time="0.0">
    <ignored/>
  </testcase> <!-- createOrgMarketingTest -->
  <testcase classname="com.vtiger.comcast.organizationTest.CreateOrganizationTest" name="createorgtest" time="0.0">
    <ignored/>
  </testcase> <!-- createorgtest -->
</testsuite> <!-- Default test -->
