<?xml version="1.0" encoding="UTF-8"?>
<!-- Generated by org.testng.reporters.JUnitXMLReporter -->
<testsuite ignored="0" hostname="LAPTOP-D3D6H7R8" failures="0" tests="3" name="TestRunner1" time="72.598" errors="0" timestamp="2021-08-24T18:14:12 IST">
  <testcase classname="com.vtiger.comcast.organizationTest.CreateOrganizationTest" name="createOrgMarketing" time="17.53"/>
  <testcase classname="com.vtiger.comcast.organizationTest.CreateOrganizationTest" name="createOrgWithRating" time="16.303"/>
  <testcase classname="com.vtiger.comcast.organizationTest.CreateOrganizationTest" name="createorgtest" time="15.728"/>
</testsuite> <!-- TestRunner1 -->
