<?xml version="1.0" encoding="UTF-8"?>
<!-- Generated by org.testng.reporters.JUnitXMLReporter -->
<testsuite ignored="0" hostname="LAPTOP-D3D6H7R8" failures="0" tests="3" name="TestRunner2" time="35.17" errors="0" timestamp="2021-08-24T18:13:35 IST">
  <testcase classname="com.comcast.contactTest.CreateContactTest" name="createcontact" time="0.001"/>
  <testcase classname="com.comcast.contactTest.CreateContactTest" name="deleteContact" time="0.002"/>
  <testcase classname="com.comcast.contactTest.CreateContactTest" name="modifyContact" time="0.003"/>
</testsuite> <!-- TestRunner2 -->
