<?xml version="1.0" encoding="UTF-8"?>
<testng-results ignored="2" total="3" passed="1" failed="0" skipped="0">
  <reporter-output>
  </reporter-output>
  <suite started-at="2021-08-27T18:12:12 IST" name="Default suite" finished-at="2021-08-27T18:12:41 IST" duration-ms="28786">
    <groups>
      <group name="Regression testing">
        <method signature="CreateOrganizationTest.createOrgWithRatingTest()[pri:0, instance:com.vtiger.comcast.organizationTest.CreateOrganizationTest@66d3eec0]" name="createOrgWithRatingTest" class="com.vtiger.comcast.organizationTest.CreateOrganizationTest"/>
      </group> <!-- Regression testing -->
    </groups>
    <test started-at="2021-08-27T18:12:12 IST" name="Default test" finished-at="2021-08-27T18:12:41 IST" duration-ms="28786">
      <class name="com.vtiger.comcast.organizationTest.CreateOrganizationTest">
        <test-method is-config="true" signature="confiureBS()[pri:0, instance:com.vtiger.comcast.organizationTest.CreateOrganizationTest@66d3eec0]" started-at="2021-08-27T18:12:12 IST" name="confiureBS" finished-at="2021-08-27T18:12:12 IST" duration-ms="7" status="PASS">
          <reporter-output>
          </reporter-output>
        </test-method> <!-- confiureBS -->
        <test-method is-config="true" signature="configureBC()[pri:0, instance:com.vtiger.comcast.organizationTest.CreateOrganizationTest@66d3eec0]" started-at="2021-08-27T18:12:12 IST" name="configureBC" finished-at="2021-08-27T18:12:14 IST" duration-ms="2116" status="PASS">
          <reporter-output>
          </reporter-output>
        </test-method> <!-- configureBC -->
        <test-method is-config="true" signature="configureBM()[pri:0, instance:com.vtiger.comcast.organizationTest.CreateOrganizationTest@66d3eec0]" started-at="2021-08-27T18:12:14 IST" name="configureBM" finished-at="2021-08-27T18:12:20 IST" duration-ms="6190" status="PASS">
          <reporter-output>
          </reporter-output>
        </test-method> <!-- configureBM -->
        <test-method signature="createOrgWithRatingTest()[pri:0, instance:com.vtiger.comcast.organizationTest.CreateOrganizationTest@66d3eec0]" started-at="2021-08-27T18:12:20 IST" name="createOrgWithRatingTest" finished-at="2021-08-27T18:12:38 IST" duration-ms="17435" status="PASS">
          <reporter-output>
          </reporter-output>
        </test-method> <!-- createOrgWithRatingTest -->
        <test-method is-config="true" signature="configureAM()[pri:0, instance:com.vtiger.comcast.organizationTest.CreateOrganizationTest@66d3eec0]" started-at="2021-08-27T18:12:38 IST" name="configureAM" finished-at="2021-08-27T18:12:41 IST" duration-ms="2787" status="PASS">
          <reporter-output>
          </reporter-output>
        </test-method> <!-- configureAM -->
        <test-method is-config="true" signature="configureAC()[pri:0, instance:com.vtiger.comcast.organizationTest.CreateOrganizationTest@66d3eec0]" started-at="2021-08-27T18:12:41 IST" name="configureAC" finished-at="2021-08-27T18:12:41 IST" duration-ms="209" status="PASS">
          <reporter-output>
          </reporter-output>
        </test-method> <!-- configureAC -->
        <test-method is-config="true" signature="configureAS()[pri:0, instance:com.vtiger.comcast.organizationTest.CreateOrganizationTest@66d3eec0]" started-at="2021-08-27T18:12:41 IST" name="configureAS" finished-at="2021-08-27T18:12:41 IST" duration-ms="0" status="PASS">
          <reporter-output>
          </reporter-output>
        </test-method> <!-- configureAS -->
      </class> <!-- com.vtiger.comcast.organizationTest.CreateOrganizationTest -->
    </test> <!-- Default test -->
  </suite> <!-- Default suite -->
</testng-results>
